bash: warning: setlocale: LC_ALL: cannot change locale (en_US.UTF-8)
bash: warning: setlocale: LC_ALL: cannot change locale (en_US.UTF-8)
bash: warning: setlocale: LC_ALL: cannot change locale (en_US.UTF-8)
bash: warning: setlocale: LC_ALL: cannot change locale (en_US.UTF-8)
bash: warning: setlocale: LC_ALL: cannot change locale (en_US.UTF-8)
bash: warning: setlocale: LC_ALL: cannot change locale (en_US.UTF-8)
bash: warning: setlocale: LC_ALL: cannot change locale (en_US.UTF-8)
bash: warning: setlocale: LC_ALL: cannot change locale (en_US.UTF-8)
bash: warning: setlocale: LC_ALL: cannot change locale (en_US.UTF-8)
bash: warning: setlocale: LC_ALL: cannot change locale (en_US.UTF-8)
Configuration file: /home/vj/workspace/blog/_config.yml
            Source: /home/vj/workspace/blog
       Destination: /home/vj/workspace/blog/_site
 Incremental build: disabled. Enable with --incremental
      Generating... 
       Jekyll Feed: Generating feed for posts
DEPRECATION WARNING: Sass @import rules are deprecated and will be removed in Dart Sass 3.0.0.

More info and automated migrator: https://sass-lang.com/d/import

  ╷
2 │   "skins/light",
  │   ^^^^^^^^^^^^^
  ╵
    /home/vj/workspace/blog/assets/css/light.scss 2:3  root stylesheet
DEPRECATION WARNING: Sass @import rules are deprecated and will be removed in Dart Sass 3.0.0.

More info and automated migrator: https://sass-lang.com/d/import

  ╷
3 │   "variables";
  │   ^^^^^^^^^^^
  ╵
    /home/vj/workspace/blog/assets/css/light.scss 3:3  root stylesheet
DEPRECATION WARNING: Sass @import rules are deprecated and will be removed in Dart Sass 3.0.0.

More info and automated migrator: https://sass-lang.com/d/import

   ╷
16 │ @import "base";
   │         ^^^^^^
   ╵
    variables.scss 16:9                                @import
    /home/vj/workspace/blog/assets/css/light.scss 3:3  root stylesheet
DEPRECATION WARNING: Sass @import rules are deprecated and will be removed in Dart Sass 3.0.0.

More info and automated migrator: https://sass-lang.com/d/import

   ╷
17 │ @import "syntax";
   │         ^^^^^^^^
   ╵
    variables.scss 17:9                                @import
    /home/vj/workspace/blog/assets/css/light.scss 3:3  root stylesheet
                    done in 1.07 seconds.
 Auto-regeneration: enabled for '/home/vj/workspace/blog'
    Server address: http://0.0.0.0:4000
  Server running... press ctrl-c to stop.
      Regenerating: 1 file(s) changed at 2024-11-18 01:09:16
                    nohup.out
       Jekyll Feed: Generating feed for posts
DEPRECATION WARNING: Sass @import rules are deprecated and will be removed in Dart Sass 3.0.0.

More info and automated migrator: https://sass-lang.com/d/import

  ╷
2 │   "skins/light",
  │   ^^^^^^^^^^^^^
  ╵
    /home/vj/workspace/blog/assets/css/light.scss 2:3  root stylesheet
DEPRECATION WARNING: Sass @import rules are deprecated and will be removed in Dart Sass 3.0.0.

More info and automated migrator: https://sass-lang.com/d/import

  ╷
3 │   "variables";
  │   ^^^^^^^^^^^
  ╵
    /home/vj/workspace/blog/assets/css/light.scss 3:3  root stylesheet
DEPRECATION WARNING: Sass @import rules are deprecated and will be removed in Dart Sass 3.0.0.

More info and automated migrator: https://sass-lang.com/d/import

   ╷
16 │ @import "base";
   │         ^^^^^^
   ╵
    variables.scss 16:9                                @import
    /home/vj/workspace/blog/assets/css/light.scss 3:3  root stylesheet
DEPRECATION WARNING: Sass @import rules are deprecated and will be removed in Dart Sass 3.0.0.

More info and automated migrator: https://sass-lang.com/d/import

   ╷
17 │ @import "syntax";
   │         ^^^^^^^^
   ╵
    variables.scss 17:9                                @import
    /home/vj/workspace/blog/assets/css/light.scss 3:3  root stylesheet
                    ...done in 0.671605269 seconds.
                    
      Regenerating: 1 file(s) changed at 2024-11-18 01:09:17
                    nohup.out
       Jekyll Feed: Generating feed for posts
DEPRECATION WARNING: Sass @import rules are deprecated and will be removed in Dart Sass 3.0.0.

More info and automated migrator: https://sass-lang.com/d/import

  ╷
2 │   "skins/light",
  │   ^^^^^^^^^^^^^
  ╵
    /home/vj/workspace/blog/assets/css/light.scss 2:3  root stylesheet
DEPRECATION WARNING: Sass @import rules are deprecated and will be removed in Dart Sass 3.0.0.

More info and automated migrator: https://sass-lang.com/d/import

  ╷
3 │   "variables";
  │   ^^^^^^^^^^^
  ╵
    /home/vj/workspace/blog/assets/css/light.scss 3:3  root stylesheet
DEPRECATION WARNING: Sass @import rules are deprecated and will be removed in Dart Sass 3.0.0.

More info and automated migrator: https://sass-lang.com/d/import

   ╷
16 │ @import "base";
   │         ^^^^^^
   ╵
    variables.scss 16:9                                @import
    /home/vj/workspace/blog/assets/css/light.scss 3:3  root stylesheet
DEPRECATION WARNING: Sass @import rules are deprecated and will be removed in Dart Sass 3.0.0.

More info and automated migrator: https://sass-lang.com/d/import

   ╷
17 │ @import "syntax";
   │         ^^^^^^^^
   ╵
    variables.scss 17:9                                @import
    /home/vj/workspace/blog/assets/css/light.scss 3:3  root stylesheet
                    ...done in 0.664028177 seconds.
                    
      Regenerating: 1 file(s) changed at 2024-11-18 01:09:17
                    nohup.out
       Jekyll Feed: Generating feed for posts
DEPRECATION WARNING: Sass @import rules are deprecated and will be removed in Dart Sass 3.0.0.

More info and automated migrator: https://sass-lang.com/d/import

  ╷
2 │   "skins/light",
  │   ^^^^^^^^^^^^^
  ╵
    /home/vj/workspace/blog/assets/css/light.scss 2:3  root stylesheet
DEPRECATION WARNING: Sass @import rules are deprecated and will be removed in Dart Sass 3.0.0.

More info and automated migrator: https://sass-lang.com/d/import

  ╷
3 │   "variables";
  │   ^^^^^^^^^^^
  ╵
    /home/vj/workspace/blog/assets/css/light.scss 3:3  root stylesheet
DEPRECATION WARNING: Sass @import rules are deprecated and will be removed in Dart Sass 3.0.0.

More info and automated migrator: https://sass-lang.com/d/import

   ╷
16 │ @import "base";
   │         ^^^^^^
   ╵
    variables.scss 16:9                                @import
    /home/vj/workspace/blog/assets/css/light.scss 3:3  root stylesheet
DEPRECATION WARNING: Sass @import rules are deprecated and will be removed in Dart Sass 3.0.0.

More info and automated migrator: https://sass-lang.com/d/import

   ╷
17 │ @import "syntax";
   │         ^^^^^^^^
   ╵
    variables.scss 17:9                                @import
    /home/vj/workspace/blog/assets/css/light.scss 3:3  root stylesheet
                    ...done in 0.248406723 seconds.
                    
      Regenerating: 1 file(s) changed at 2024-11-18 01:09:18
                    nohup.out
       Jekyll Feed: Generating feed for posts
DEPRECATION WARNING: Sass @import rules are deprecated and will be removed in Dart Sass 3.0.0.

More info and automated migrator: https://sass-lang.com/d/import

  ╷
2 │   "skins/light",
  │   ^^^^^^^^^^^^^
  ╵
    /home/vj/workspace/blog/assets/css/light.scss 2:3  root stylesheet
DEPRECATION WARNING: Sass @import rules are deprecated and will be removed in Dart Sass 3.0.0.

More info and automated migrator: https://sass-lang.com/d/import

  ╷
3 │   "variables";
  │   ^^^^^^^^^^^
  ╵
    /home/vj/workspace/blog/assets/css/light.scss 3:3  root stylesheet
DEPRECATION WARNING: Sass @import rules are deprecated and will be removed in Dart Sass 3.0.0.

More info and automated migrator: https://sass-lang.com/d/import

   ╷
16 │ @import "base";
   │         ^^^^^^
   ╵
    variables.scss 16:9                                @import
    /home/vj/workspace/blog/assets/css/light.scss 3:3  root stylesheet
DEPRECATION WARNING: Sass @import rules are deprecated and will be removed in Dart Sass 3.0.0.

More info and automated migrator: https://sass-lang.com/d/import

   ╷
17 │ @import "syntax";
   │         ^^^^^^^^
   ╵
    variables.scss 17:9                                @import
    /home/vj/workspace/blog/assets/css/light.scss 3:3  root stylesheet
                    ...done in 0.247151988 seconds.
                    
      Regenerating: 1 file(s) changed at 2024-11-18 01:09:18
                    nohup.out
       Jekyll Feed: Generating feed for posts
DEPRECATION WARNING: Sass @import rules are deprecated and will be removed in Dart Sass 3.0.0.

More info and automated migrator: https://sass-lang.com/d/import

  ╷
2 │   "skins/light",
  │   ^^^^^^^^^^^^^
  ╵
    /home/vj/workspace/blog/assets/css/light.scss 2:3  root stylesheet
DEPRECATION WARNING: Sass @import rules are deprecated and will be removed in Dart Sass 3.0.0.

More info and automated migrator: https://sass-lang.com/d/import

  ╷
3 │   "variables";
  │   ^^^^^^^^^^^
  ╵
    /home/vj/workspace/blog/assets/css/light.scss 3:3  root stylesheet
DEPRECATION WARNING: Sass @import rules are deprecated and will be removed in Dart Sass 3.0.0.

More info and automated migrator: https://sass-lang.com/d/import

   ╷
16 │ @import "base";
   │         ^^^^^^
   ╵
    variables.scss 16:9                                @import
    /home/vj/workspace/blog/assets/css/light.scss 3:3  root stylesheet
DEPRECATION WARNING: Sass @import rules are deprecated and will be removed in Dart Sass 3.0.0.

More info and automated migrator: https://sass-lang.com/d/import

   ╷
17 │ @import "syntax";
   │         ^^^^^^^^
   ╵
    variables.scss 17:9                                @import
    /home/vj/workspace/blog/assets/css/light.scss 3:3  root stylesheet
                    ...done in 0.247010413 seconds.
                    
      Regenerating: 1 file(s) changed at 2024-11-18 01:09:18
                    nohup.out
       Jekyll Feed: Generating feed for posts
DEPRECATION WARNING: Sass @import rules are deprecated and will be removed in Dart Sass 3.0.0.

More info and automated migrator: https://sass-lang.com/d/import

  ╷
2 │   "skins/light",
  │   ^^^^^^^^^^^^^
  ╵
    /home/vj/workspace/blog/assets/css/light.scss 2:3  root stylesheet
DEPRECATION WARNING: Sass @import rules are deprecated and will be removed in Dart Sass 3.0.0.

More info and automated migrator: https://sass-lang.com/d/import

  ╷
3 │   "variables";
  │   ^^^^^^^^^^^
  ╵
    /home/vj/workspace/blog/assets/css/light.scss 3:3  root stylesheet
DEPRECATION WARNING: Sass @import rules are deprecated and will be removed in Dart Sass 3.0.0.

More info and automated migrator: https://sass-lang.com/d/import

   ╷
16 │ @import "base";
   │         ^^^^^^
   ╵
    variables.scss 16:9                                @import
    /home/vj/workspace/blog/assets/css/light.scss 3:3  root stylesheet
DEPRECATION WARNING: Sass @import rules are deprecated and will be removed in Dart Sass 3.0.0.

More info and automated migrator: https://sass-lang.com/d/import

   ╷
17 │ @import "syntax";
   │         ^^^^^^^^
   ╵
    variables.scss 17:9                                @import
    /home/vj/workspace/blog/assets/css/light.scss 3:3  root stylesheet
                    ...done in 0.29929084 seconds.
                    
      Regenerating: 1 file(s) changed at 2024-11-18 01:09:19
                    nohup.out
       Jekyll Feed: Generating feed for posts
DEPRECATION WARNING: Sass @import rules are deprecated and will be removed in Dart Sass 3.0.0.

More info and automated migrator: https://sass-lang.com/d/import

  ╷
2 │   "skins/light",
  │   ^^^^^^^^^^^^^
  ╵
    /home/vj/workspace/blog/assets/css/light.scss 2:3  root stylesheet
DEPRECATION WARNING: Sass @import rules are deprecated and will be removed in Dart Sass 3.0.0.

More info and automated migrator: https://sass-lang.com/d/import

  ╷
3 │   "variables";
  │   ^^^^^^^^^^^
  ╵
    /home/vj/workspace/blog/assets/css/light.scss 3:3  root stylesheet
DEPRECATION WARNING: Sass @import rules are deprecated and will be removed in Dart Sass 3.0.0.

More info and automated migrator: https://sass-lang.com/d/import

   ╷
16 │ @import "base";
   │         ^^^^^^
   ╵
    variables.scss 16:9                                @import
    /home/vj/workspace/blog/assets/css/light.scss 3:3  root stylesheet
DEPRECATION WARNING: Sass @import rules are deprecated and will be removed in Dart Sass 3.0.0.

More info and automated migrator: https://sass-lang.com/d/import

   ╷
17 │ @import "syntax";
   │         ^^^^^^^^
   ╵
    variables.scss 17:9                                @import
    /home/vj/workspace/blog/assets/css/light.scss 3:3  root stylesheet
                    ...done in 0.249224525 seconds.
                    
      Regenerating: 1 file(s) changed at 2024-11-18 01:09:19
                    nohup.out
       Jekyll Feed: Generating feed for posts
DEPRECATION WARNING: Sass @import rules are deprecated and will be removed in Dart Sass 3.0.0.

More info and automated migrator: https://sass-lang.com/d/import

  ╷
2 │   "skins/light",
  │   ^^^^^^^^^^^^^
  ╵
    /home/vj/workspace/blog/assets/css/light.scss 2:3  root stylesheet
DEPRECATION WARNING: Sass @import rules are deprecated and will be removed in Dart Sass 3.0.0.

More info and automated migrator: https://sass-lang.com/d/import

  ╷
3 │   "variables";
  │   ^^^^^^^^^^^
  ╵
    /home/vj/workspace/blog/assets/css/light.scss 3:3  root stylesheet
DEPRECATION WARNING: Sass @import rules are deprecated and will be removed in Dart Sass 3.0.0.

More info and automated migrator: https://sass-lang.com/d/import

   ╷
16 │ @import "base";
   │         ^^^^^^
   ╵
    variables.scss 16:9                                @import
    /home/vj/workspace/blog/assets/css/light.scss 3:3  root stylesheet
DEPRECATION WARNING: Sass @import rules are deprecated and will be removed in Dart Sass 3.0.0.

More info and automated migrator: https://sass-lang.com/d/import

   ╷
17 │ @import "syntax";
   │         ^^^^^^^^
   ╵
    variables.scss 17:9                                @import
    /home/vj/workspace/blog/assets/css/light.scss 3:3  root stylesheet
                    ...done in 0.251972902 seconds.
                    
      Regenerating: 1 file(s) changed at 2024-11-18 01:09:19
                    nohup.out
       Jekyll Feed: Generating feed for posts
DEPRECATION WARNING: Sass @import rules are deprecated and will be removed in Dart Sass 3.0.0.

More info and automated migrator: https://sass-lang.com/d/import

  ╷
2 │   "skins/light",
  │   ^^^^^^^^^^^^^
  ╵
    /home/vj/workspace/blog/assets/css/light.scss 2:3  root stylesheet
DEPRECATION WARNING: Sass @import rules are deprecated and will be removed in Dart Sass 3.0.0.

More info and automated migrator: https://sass-lang.com/d/import

  ╷
3 │   "variables";
  │   ^^^^^^^^^^^
  ╵
    /home/vj/workspace/blog/assets/css/light.scss 3:3  root stylesheet
DEPRECATION WARNING: Sass @import rules are deprecated and will be removed in Dart Sass 3.0.0.

More info and automated migrator: https://sass-lang.com/d/import

   ╷
16 │ @import "base";
   │         ^^^^^^
   ╵
    variables.scss 16:9                                @import
    /home/vj/workspace/blog/assets/css/light.scss 3:3  root stylesheet
DEPRECATION WARNING: Sass @import rules are deprecated and will be removed in Dart Sass 3.0.0.

More info and automated migrator: https://sass-lang.com/d/import

   ╷
17 │ @import "syntax";
   │         ^^^^^^^^
   ╵
    variables.scss 17:9                                @import
    /home/vj/workspace/blog/assets/css/light.scss 3:3  root stylesheet
                    ...done in 0.252303497 seconds.
                    
      Regenerating: 1 file(s) changed at 2024-11-18 01:09:20
                    nohup.out
       Jekyll Feed: Generating feed for posts
DEPRECATION WARNING: Sass @import rules are deprecated and will be removed in Dart Sass 3.0.0.

More info and automated migrator: https://sass-lang.com/d/import

  ╷
2 │   "skins/light",
  │   ^^^^^^^^^^^^^
  ╵
    /home/vj/workspace/blog/assets/css/light.scss 2:3  root stylesheet
DEPRECATION WARNING: Sass @import rules are deprecated and will be removed in Dart Sass 3.0.0.

More info and automated migrator: https://sass-lang.com/d/import

  ╷
3 │   "variables";
  │   ^^^^^^^^^^^
  ╵
    /home/vj/workspace/blog/assets/css/light.scss 3:3  root stylesheet
DEPRECATION WARNING: Sass @import rules are deprecated and will be removed in Dart Sass 3.0.0.

More info and automated migrator: https://sass-lang.com/d/import

   ╷
16 │ @import "base";
   │         ^^^^^^
   ╵
    variables.scss 16:9                                @import
    /home/vj/workspace/blog/assets/css/light.scss 3:3  root stylesheet
DEPRECATION WARNING: Sass @import rules are deprecated and will be removed in Dart Sass 3.0.0.

More info and automated migrator: https://sass-lang.com/d/import

   ╷
17 │ @import "syntax";
   │         ^^^^^^^^
   ╵
    variables.scss 17:9                                @import
    /home/vj/workspace/blog/assets/css/light.scss 3:3  root stylesheet
                    ...done in 0.255620361 seconds.
                    
      Regenerating: 1 file(s) changed at 2024-11-18 01:09:20
                    nohup.out
       Jekyll Feed: Generating feed for posts
DEPRECATION WARNING: Sass @import rules are deprecated and will be removed in Dart Sass 3.0.0.

More info and automated migrator: https://sass-lang.com/d/import

  ╷
2 │   "skins/light",
  │   ^^^^^^^^^^^^^
  ╵
    /home/vj/workspace/blog/assets/css/light.scss 2:3  root stylesheet
DEPRECATION WARNING: Sass @import rules are deprecated and will be removed in Dart Sass 3.0.0.

More info and automated migrator: https://sass-lang.com/d/import

  ╷
3 │   "variables";
  │   ^^^^^^^^^^^
  ╵
    /home/vj/workspace/blog/assets/css/light.scss 3:3  root stylesheet
DEPRECATION WARNING: Sass @import rules are deprecated and will be removed in Dart Sass 3.0.0.

More info and automated migrator: https://sass-lang.com/d/import

   ╷
16 │ @import "base";
   │         ^^^^^^
   ╵
    variables.scss 16:9                                @import
    /home/vj/workspace/blog/assets/css/light.scss 3:3  root stylesheet
DEPRECATION WARNING: Sass @import rules are deprecated and will be removed in Dart Sass 3.0.0.

More info and automated migrator: https://sass-lang.com/d/import

   ╷
17 │ @import "syntax";
   │         ^^^^^^^^
   ╵
    variables.scss 17:9                                @import
    /home/vj/workspace/blog/assets/css/light.scss 3:3  root stylesheet
                    ...done in 0.302832112 seconds.
                    
      Regenerating: 1 file(s) changed at 2024-11-18 01:09:21
                    nohup.out
       Jekyll Feed: Generating feed for posts
DEPRECATION WARNING: Sass @import rules are deprecated and will be removed in Dart Sass 3.0.0.

More info and automated migrator: https://sass-lang.com/d/import

  ╷
2 │   "skins/light",
  │   ^^^^^^^^^^^^^
  ╵
    /home/vj/workspace/blog/assets/css/light.scss 2:3  root stylesheet
DEPRECATION WARNING: Sass @import rules are deprecated and will be removed in Dart Sass 3.0.0.

More info and automated migrator: https://sass-lang.com/d/import

  ╷
3 │   "variables";
  │   ^^^^^^^^^^^
  ╵
    /home/vj/workspace/blog/assets/css/light.scss 3:3  root stylesheet
DEPRECATION WARNING: Sass @import rules are deprecated and will be removed in Dart Sass 3.0.0.

More info and automated migrator: https://sass-lang.com/d/import

   ╷
16 │ @import "base";
   │         ^^^^^^
   ╵
    variables.scss 16:9                                @import
    /home/vj/workspace/blog/assets/css/light.scss 3:3  root stylesheet
DEPRECATION WARNING: Sass @import rules are deprecated and will be removed in Dart Sass 3.0.0.

More info and automated migrator: https://sass-lang.com/d/import

   ╷
17 │ @import "syntax";
   │         ^^^^^^^^
   ╵
    variables.scss 17:9                                @import
    /home/vj/workspace/blog/assets/css/light.scss 3:3  root stylesheet
                    ...done in 0.253655175 seconds.
                    
